<?xml version="1.0" encoding="UTF-8"?>
<!-- Generated by org.testng.reporters.JUnitReportReporter -->
<testsuite skipped="0" hostname="L01013113" name="TestOfTestForTest" tests="1" failures="0" timestamp="2020-04-05T11:15:30 CEST" time="8.234" errors="0">
  <testcase name="testForTestXD" time="8.234" classname="TestOfTestForTest"/>
  <system-out/>
</testsuite> <!-- TestOfTestForTest -->
